{
  "RSpec": {
    "coverage": {
      "/Users/nick/Turing/3mod/projects/sweater-weather/app/poros/geocode.rb": {
        "lines": [
          1,
          1,
          null,
          1,
          2,
          2,
          null,
          null,
          null
        ]
      },
      "/Users/nick/Turing/3mod/projects/sweater-weather/app/facades/geocode_facade.rb": {
        "lines": [
          1,
          null,
          1,
          1,
          1,
          null,
          null,
          null
        ]
      },
      "/Users/nick/Turing/3mod/projects/sweater-weather/app/services/geocode_service.rb": {
        "lines": [
          1,
          null,
          1,
          3,
          3,
          null,
          null,
          null,
          1,
          3,
          3,
          null,
          3,
          null,
          null
        ]
      },
      "/Users/nick/Turing/3mod/projects/sweater-weather/app/mailers/application_mailer.rb": {
        "lines": [
          0,
          0,
          0,
          0
        ],
        "branches": {
        }
      },
      "/Users/nick/Turing/3mod/projects/sweater-weather/app/models/application_record.rb": {
        "lines": [
          0,
          0,
          0
        ],
        "branches": {
        }
      },
      "/Users/nick/Turing/3mod/projects/sweater-weather/app/jobs/application_job.rb": {
        "lines": [
          0,
          0
        ],
        "branches": {
        }
      },
      "/Users/nick/Turing/3mod/projects/sweater-weather/app/controllers/application_controller.rb": {
        "lines": [
          0,
          0
        ],
        "branches": {
        }
      },
      "/Users/nick/Turing/3mod/projects/sweater-weather/app/channels/application_cable/connection.rb": {
        "lines": [
          0,
          0,
          0,
          0
        ],
        "branches": {
        }
      },
      "/Users/nick/Turing/3mod/projects/sweater-weather/app/channels/application_cable/channel.rb": {
        "lines": [
          0,
          0,
          0,
          0
        ],
        "branches": {
        }
      }
    },
    "timestamp": 1659807547
  }
}
